0 info it worked if it ends with ok
1 verbose cli [ 'C:\\Program Files\\nodejs\\node.exe',
1 verbose cli   'C:\\Users\\M ABBAS\\AppData\\Roaming\\npm\\node_modules\\npm\\bin\\npm-cli.js',
1 verbose cli   'install',
1 verbose cli   '--save',
1 verbose cli   'simple-slider' ]
2 info using npm@3.10.8
3 info using node@v4.4.7
4 silly loadCurrentTree Starting
5 silly install loadCurrentTree
6 silly install readLocalPackageData
7 silly fetchPackageMetaData simple-slider
8 silly fetchNamedPackageData simple-slider
9 silly mapToRegistry name simple-slider
10 silly mapToRegistry using default registry
11 silly mapToRegistry registry https://registry.npmjs.org/
12 silly mapToRegistry data Result {
12 silly mapToRegistry   raw: 'simple-slider',
12 silly mapToRegistry   scope: null,
12 silly mapToRegistry   escapedName: 'simple-slider',
12 silly mapToRegistry   name: 'simple-slider',
12 silly mapToRegistry   rawSpec: '',
12 silly mapToRegistry   spec: 'latest',
12 silly mapToRegistry   type: 'tag' }
13 silly mapToRegistry uri https://registry.npmjs.org/simple-slider
14 verbose request uri https://registry.npmjs.org/simple-slider
15 verbose request no auth needed
16 info attempt registry request try #1 at 2:37:31 PM
17 verbose request id 5ed556da83347c78
18 http request GET https://registry.npmjs.org/simple-slider
19 info retry will retry, error on last attempt: Error: error:0906D06C:PEM routines:PEM_read_bio:no start line
20 info attempt registry request try #2 at 2:37:41 PM
21 http request GET https://registry.npmjs.org/simple-slider
22 info retry will retry, error on last attempt: Error: error:0906D06C:PEM routines:PEM_read_bio:no start line
23 info attempt registry request try #3 at 2:38:41 PM
24 http request GET https://registry.npmjs.org/simple-slider
25 silly fetchPackageMetaData Error: error:0906D06C:PEM routines:PEM_read_bio:no start line
25 silly fetchPackageMetaData     at Error (native)
25 silly fetchPackageMetaData     at Object.createSecureContext (_tls_common.js:87:19)
25 silly fetchPackageMetaData     at Object.TLSSocket._init.ssl.onclienthello.ssl.oncertcb.exports.connect (_tls_wrap.js:972:23)
25 silly fetchPackageMetaData     at Agent.createConnection (https.js:72:22)
25 silly fetchPackageMetaData     at Agent.createSocket (_http_agent.js:175:16)
25 silly fetchPackageMetaData     at Agent.addRequest (_http_agent.js:144:23)
25 silly fetchPackageMetaData     at new ClientRequest (_http_client.js:142:16)
25 silly fetchPackageMetaData     at Object.exports.request (http.js:31:10)
25 silly fetchPackageMetaData     at Object.socket.once.exports.request (https.js:182:15)
25 silly fetchPackageMetaData     at Request.start (C:\Users\M ABBAS\AppData\Roaming\npm\node_modules\npm\node_modules\request\request.js:740:32)
25 silly fetchPackageMetaData  error for simple-slider [Error: error:0906D06C:PEM routines:PEM_read_bio:no start line]
26 silly rollbackFailedOptional Starting
27 silly rollbackFailedOptional Finishing
28 silly runTopLevelLifecycles Finishing
29 silly install printInstalled
30 verbose stack Error: error:0906D06C:PEM routines:PEM_read_bio:no start line
30 verbose stack     at Error (native)
30 verbose stack     at Object.createSecureContext (_tls_common.js:87:19)
30 verbose stack     at Object.TLSSocket._init.ssl.onclienthello.ssl.oncertcb.exports.connect (_tls_wrap.js:972:23)
30 verbose stack     at Agent.createConnection (https.js:72:22)
30 verbose stack     at Agent.createSocket (_http_agent.js:175:16)
30 verbose stack     at Agent.addRequest (_http_agent.js:144:23)
30 verbose stack     at new ClientRequest (_http_client.js:142:16)
30 verbose stack     at Object.exports.request (http.js:31:10)
30 verbose stack     at Object.socket.once.exports.request (https.js:182:15)
30 verbose stack     at Request.start (C:\Users\M ABBAS\AppData\Roaming\npm\node_modules\npm\node_modules\request\request.js:740:32)
31 verbose cwd E:\Scorecard-Production-Version
32 error Windows_NT 6.3.9600
33 error argv "C:\\Program Files\\nodejs\\node.exe" "C:\\Users\\M ABBAS\\AppData\\Roaming\\npm\\node_modules\\npm\\bin\\npm-cli.js" "install" "--save" "simple-slider"
34 error node v4.4.7
35 error npm  v3.10.8
36 error error:0906D06C:PEM routines:PEM_read_bio:no start line
37 error If you need help, you may report this error at:
37 error     <https://github.com/npm/npm/issues>
38 verbose exit [ 1, true ]
